bricks/generate_acadimiat_app/acadimiat/__brick__/acadimiat/build/app/outputs/mapping/release/seeds.txt
com.jahezkw.academy.MainActivity
com.jahezkw.academy.MainActivity: MainActivity()
...
com.google.android.recaptcha.internal.zzfd: com.google.android.recaptcha.internal.zzez zzw()
com.google.android.recaptcha.internal.zzin: int zzm(java.util.List)
com.amazon.a.a.n.a.d: boolean d()
com.google.android.gms.internal.firebase-auth-api.zzpo: int zzb()
com.google.android.gms.internal.firebase-auth-api.zzaid: void zzaa()
com.pichillilorenzo.flutter_inappwebview.in_app_browser.InAppBrowserActivity: void didFailNavigation(java.lang.String,int,java.lang.String)
com.google.android.gms.internal.firebase-auth-api.zzab: int zza(com.google.android.gms.internal.firebase-auth-api.zzab)
com.pichillilorenzo.flutter_inappwebview.pull_to_refresh.PullToRefreshLayout$1: boolean canChildScrollUp(androidx.swiperefreshlayout.widget.SwipeRefreshLayout,android.view.View)
com.google.android.gms.internal.measurement.zzet: zzet(com.google.android.gms.internal.measurement.zzdf$zzd,android.app.Activity)
com.google.android.gms.internal.measurement.zzfc$zzc: boolean zzg()
com.google.android.gms.internal.play_billing.zzey: void zze(int,java.util.List)
com.google.android.gms.internal.measurement.zzcw: void setEventInterceptor(com.google.android.gms.internal.measurement.zzda)
com.pichillilorenzo.flutter_inappwebview.webview.ContextMenuSettings: com.pichillilorenzo.flutter_inappwebview.webview.ContextMenuSettings parse(java.util.Map)
com.google.android.material.textfield.TextInputLayout: android.content.res.ColorStateList getSuffixTextColor()
com.google.android.gms.internal.measurement.zzfi$zzj$zza: com.google.android.gms.internal.measurement.zzfi$zzj$zza zze()
com.google.android.gms.internal.firebase-auth-api.zzwh: byte[] zza(byte[],byte[])
com.google.android.gms.internal.firebase-auth-api.zzkr: java.lang.Class zzb()
com.pichillilorenzo.flutter_inappwebview.webview.in_app_webview.InAppWebViewChromeClient$17: void defaultBehaviour(com.pichillilorenzo.flutter_inappwebview.types.GeolocationPermissionShowPromptResponse)
com.revenuecat.purchases.parceler.JSONObjectParceler: void write(java.lang.Object,android.os.Parcel,int)
com.google.android.exoplayer2.audio.AudioCapabilities$Api29: int[] getDirectPlaybackSupportedEncodings()
com.pichillilorenzo.flutter_inappwebview.types.JsConfirmResponse: void setMessage(java.lang.String)
io.flutter.embedding.engine.mutatorsstack.FlutterMutatorsStack: void pushClipRRect(int,int,int,int,float[])
com.amazon.a.a.o.c: boolean b()
com.google.android.gms.internal.measurement.zzig$zza: void zza(long)
com.amazon.device.simplesignin.a.a.c: void b(com.amazon.d.a.h)
com.google.android.gms.internal.measurement.zznr: boolean zzd()
androidx.recyclerview.widget.RecyclerView: void setViewCacheExtension(androidx.recyclerview.widget.RecyclerView$ViewCacheExtension)
com.revenuecat.purchases.common.LogWrapperKt: void setCurrentLogHandler(com.revenuecat.purchases.LogHandler)
com.google.android.gms.internal.firebase-auth-api.zzmm: void zza(long[],long[])
com.google.android.recaptcha.internal.zzjp: boolean zzt(java.lang.Object,long)
com.amazon.a.a.g.d: void b(java.lang.String,java.lang.String)
com.google.android.gms.internal.measurement.zzcu: void clearConditionalUserProperty(java.lang.String,java.lang.String,android.os.Bundle)
com.google.android.recaptcha.internal.zzi: int zza(com.google.android.recaptcha.internal.zzi)
com.google.android.gms.internal.firebase-auth-api.zzwf: javax.crypto.Cipher zza()
androidx.core.view.ViewCompat$Api16Impl: void postInvalidateOnAnimation(android.view.View)
com.google.android.gms.internal.firebase-auth-api.zzik$zza: zzik$zza()
com.google.android.gms.internal.firebase-auth-api.zzalc: com.google.android.gms.internal.firebase-auth-api.zzahp zzp()
com.pichillilorenzo.flutter_inappwebview.webview.InAppWebViewInterface: java.util.Map getCustomSettings()
com.amazon.device.iap.internal.a.a.e: com.amazon.device.iap.model.PromotionPlan c(org.json.JSONObject)
com.google.android.gms.internal.firebase-auth-api.zzhy: java.nio.ByteBuffer zza(byte[],int)