bricks/generate_acadimiat_app/acadimiat/__brick__/acadimiat/build/app/outputs/mapping/release/usage.txt
com.jahezkw.academy.BuildConfig
com.jahezkw.academy.R$anim
com.jahezkw.academy.R$animator
com.jahezkw.academy.R$array
com.jahezkw.academy.R$attr
com.jahezkw.academy.R$bool
com.jahezkw.academy.R$color
com.jahezkw.academy.R$dimen
com.jahezkw.academy.R$drawable
com.jahezkw.academy.R$font
com.jahezkw.academy.R$id
com.jahezkw.academy.R$integer
com.jahezkw.academy.R$interpolator
com.jahezkw.academy.R$layout
com.jahezkw.academy.R$menu
com.jahezkw.academy.R$mipmap
com.jahezkw.academy.R$plurals
com.jahezkw.academy.R$raw
com.jahezkw.academy.R$string
com.jahezkw.academy.R$style
com.jahezkw.academy.R$styleable
com.jahezkw.academy.R$xml
com.jahezkw.academy.R
...
androidx.core.util.SparseBooleanArrayKt
androidx.core.util.SparseIntArrayKt$keyIterator$1
androidx.core.util.SparseIntArrayKt$valueIterator$1
androidx.core.util.SparseIntArrayKt
androidx.core.util.SparseLongArrayKt$keyIterator$1
androidx.core.util.SparseLongArrayKt$valueIterator$1
androidx.core.util.SparseLongArrayKt
androidx.core.util.Supplier
androidx.core.util.TimeUtils
androidx.core.view.AccessibilityDelegateCompat$Api16Impl:
    private void <init>()
androidx.core.view.ActionProvider$SubUiVisibilityListener:
    public abstract void onSubUiVisibilityChanged(boolean)
androidx.core.view.ActionProvider:
    private static final java.lang.String TAG
    public android.content.Context getContext()
    public void refreshVisibility()
    public void subUiVisibilityChanged(boolean)
androidx.core.view.Api16Impl
androidx.core.view.ContentInfoCompat$Api31Impl
androidx.core.view.ContentInfoCompat$Builder:
    public void <init>(androidx.core.view.ContentInfoCompat)
    public androidx.core.view.ContentInfoCompat$Builder setClip(android.content.ClipData)
    public androidx.core.view.ContentInfoCompat$Builder setSource(int)
androidx.core.view.ContentInfoCompat$BuilderCompat31Impl:
    void <init>(androidx.core.view.ContentInfoCompat)
    public void setClip(android.content.ClipData)
    public void setSource(int)
androidx.core.view.ContentInfoCompat$BuilderCompat:
    public abstract void setClip(android.content.ClipData)
    public abstract void setSource(int)
androidx.core.view.ContentInfoCompat$BuilderCompatImpl:
    void <init>(androidx.core.view.ContentInfoCompat)
    public void setClip(android.content.ClipData)
    public void setSource(int)
androidx.core.view.ContentInfoCompat$Compat31Impl:
    public android.os.Bundle getExtras()
    public android.net.Uri getLinkUri()
androidx.core.view.ContentInfoCompat$Compat:
    public abstract android.os.Bundle getExtras()
    public abstract android.net.Uri getLinkUri()
androidx.core.view.ContentInfoCompat$CompatImpl:
    public android.os.Bundle getExtras()
    public android.net.Uri getLinkUri()
androidx.core.view.ContentInfoCompat$Flags
androidx.core.view.ContentInfoCompat$Source
androidx.core.view.ContentInfoCompat:
    public static final int FLAG_CONVERT_TO_PLAIN_TEXT
    public static final int SOURCE_APP
    public static final int SOURCE_AUTOFILL
    public static final int SOURCE_CLIPBOARD
    public static final int SOURCE_DRAG_AND_DROP
    public static final int SOURCE_INPUT_METHOD
    public static final int SOURCE_PROCESS_TEXT
    static android.content.ClipData buildClipData(android.content.ClipDescription,java.util.List)
    public android.os.Bundle getExtras()
    public android.net.Uri getLinkUri()
    static android.util.Pair partition(android.content.ClipData,androidx.core.util.Predicate)
    public static android.util.Pair partition(android.view.ContentInfo,java.util.function.Predicate)
    public android.util.Pair partition(androidx.core.util.Predicate)
androidx.core.view.DisplayCompat$Api17Impl
androidx.core.view.DisplayCompat$Api23Impl
androidx.core.view.DisplayCompat$ModeCompat$Api23Impl
androidx.core.view.DisplayCompat$ModeCompat
androidx.core.view.DisplayCompat
androidx.core.view.DisplayCutoutCompat$Api28Impl:
    private void <init>()
androidx.core.view.DisplayCutoutCompat$Api29Impl
androidx.core.view.DisplayCutoutCompat$Api30Impl